{
  "stats": {
    "suites": 1,
    "tests": 3,
    "passes": 3,
    "pending": 0,
    "failures": 0,
    "start": "2024-01-17T01:43:07.592Z",
    "end": "2024-01-17T01:43:25.171Z",
    "duration": 17579,
    "testsRegistered": 3,
    "passPercent": 100,
    "pendingPercent": 0,
    "other": 0,
    "hasOther": false,
    "skipped": 0,
    "hasSkipped": false
  },
  "results": [
    {
      "uuid": "6f37d4b8-df9c-4690-bc15-c170e87fbb2d",
      "title": "",
      "fullFile": "cypress\\e2e\\specLogin.cy.js",
      "file": "cypress\\e2e\\specLogin.cy.js",
      "beforeHooks": [],
      "afterHooks": [],
      "tests": [],
      "suites": [
        {
          "uuid": "7e08abea-4799-42df-8f0b-7d1896e00562",
          "title": "login",
          "fullFile": "",
          "file": "",
          "beforeHooks": [],
          "afterHooks": [],
          "tests": [
            {
              "title": "should log in successfully",
              "fullTitle": "login should log in successfully",
              "timedOut": null,
              "duration": 9284,
              "state": "passed",
              "speed": "medium",
              "pass": true,
              "fail": false,
              "pending": false,
              "context": null,
              "code": "cy.visit('https://opensource-demo.orangehrmlive.com/web/index.php/auth/login');\ncy.get('[name=\"username\"]').type('admin');\ncy.get('[name=\"password\"]').type('admin123');\ncy.contains('button', 'Login').click();\ncy.contains('h6', 'Dashboard').should('be.visible');\ncy.contains('p', 'dd cc').should('be.visible');",
              "err": {},
              "uuid": "03c0b5cf-4b40-4b8b-bf9c-4caaddd4176a",
              "parentUUID": "7e08abea-4799-42df-8f0b-7d1896e00562",
              "isHook": false,
              "skipped": false
            },
            {
              "title": "should show spans that say that username and password are required to log in",
              "fullTitle": "login should show spans that say that username and password are required to log in",
              "timedOut": null,
              "duration": 3569,
              "state": "passed",
              "speed": "fast",
              "pass": true,
              "fail": false,
              "pending": false,
              "context": null,
              "code": "cy.visit('https://opensource-demo.orangehrmlive.com/web/index.php/auth/login');\ncy.get('[name=\"username\"]').type(' ');\ncy.get('[name=\"password\"]').type(' ');\ncy.contains('button', 'Login').click();\ncy.contains('span', 'Required').should('be.visible', 2);",
              "err": {},
              "uuid": "a4892b5f-34a5-492e-8db4-f2381e718fdf",
              "parentUUID": "7e08abea-4799-42df-8f0b-7d1896e00562",
              "isHook": false,
              "skipped": false
            },
            {
              "title": "should show the message that says that the credentials are invalid",
              "fullTitle": "login should show the message that says that the credentials are invalid",
              "timedOut": null,
              "duration": 2656,
              "state": "passed",
              "speed": "fast",
              "pass": true,
              "fail": false,
              "pending": false,
              "context": null,
              "code": "cy.visit('https://opensource-demo.orangehrmlive.com/web/index.php/auth/login');\ncy.get('[name=\"username\"]').type('test');\ncy.get('[name=\"password\"]').type('test');\ncy.contains('button', 'Login').click();\ncy.contains('p', 'Invalid credentials').should('be.visible');",
              "err": {},
              "uuid": "401a849b-76e4-4eb9-bda1-3b1656853d3e",
              "parentUUID": "7e08abea-4799-42df-8f0b-7d1896e00562",
              "isHook": false,
              "skipped": false
            }
          ],
          "suites": [],
          "passes": [
            "03c0b5cf-4b40-4b8b-bf9c-4caaddd4176a",
            "a4892b5f-34a5-492e-8db4-f2381e718fdf",
            "401a849b-76e4-4eb9-bda1-3b1656853d3e"
          ],
          "failures": [],
          "pending": [],
          "skipped": [],
          "duration": 15509,
          "root": false,
          "rootEmpty": false,
          "_timeout": 2000
        }
      ],
      "passes": [],
      "failures": [],
      "pending": [],
      "skipped": [],
      "duration": 0,
      "root": true,
      "rootEmpty": true,
      "_timeout": 2000
    }
  ],
  "meta": {
    "mocha": {
      "version": "7.0.1"
    },
    "mochawesome": {
      "options": {
        "quiet": false,
        "reportFilename": "mochawesome",
        "saveHtml": true,
        "saveJson": true,
        "consoleReporter": "spec",
        "useInlineDiffs": false,
        "code": true
      },
      "version": "7.1.3"
    },
    "marge": {
      "options": null,
      "version": "6.2.0"
    }
  }
}